iMPACT Version: Oct 13 2013 10:22:21

iMPACT log file Started on Mon Dec 23 14:43:03 2019

Preference Table
Name                 Setting             
StartupClock         Auto_Correction     
AutoSignature        False               
KeepSVF              False               
ConcurrentMode       False               
UseHighz             False               
ConfigOnFailure      Stop                
UserLevel            Novice              
MessageLevel         Detailed            
svfUseTime           false               
SpiByteSwap          Auto_Correction     
AutoInfer            false               
SvfPlayDisplayComments false               
'1': Loading file 'cpld_tester.jed' ...
done.
INFO:iMPACT:1777 - 
   Reading C:/Apps/Xilinx/14.7/ISE_DS/ISE/xbr/data/xc2c64a.bsd...
INFO:iMPACT:501 - '1': Added Device xc2c64a successfully.
----------------------------------------------------------------------
----------------------------------------------------------------------


'1': IDCODE is '11110110111001011111000010010011'
'1': IDCODE is 'f6e5f093' (in hex).
'1': : Manufacturer's ID = Xilinx xc2c64a, Version : 15
Elapsed time =      0 sec.


'1': Erasing device...
'1': Erasure completed successfully.
'1': Programming device...
done.
'1': Verifying device...
done.
'1': Setting ISC done bits...done
'1': Programming completed successfully.
Elapsed time =      0 sec.
